<?xml version="1.0" encoding="UTF-8"?>
<!-- Generated by org.testng.reporters.JUnitReportReporter -->
<testsuite hostname="LAPTOP-D0CIFDTL" failures="0" tests="1" name="sendingEmail.GetResponseCodeOfWebisteExample" time="0.958" errors="0" timestamp="2022-11-01T11:40:13 IST" skipped="0">
  <testcase classname="sendingEmail.GetResponseCodeOfWebisteExample" name="f1" time="0.958"/>
  <system-out/>
</testsuite> <!-- sendingEmail.GetResponseCodeOfWebisteExample -->
