<?xml version="1.0" encoding="UTF-8"?>
<!-- Generated by org.testng.reporters.JUnitReportReporter -->
<testsuite hostname="MONO-HYD-LAP-12" name="sendingEmail.EmailWithAttchment2" tests="1" failures="0" timestamp="4 Dec 2019 02:09:33 GMT" time="4.882" errors="0">
  <testcase name="f3" time="4.882" classname="sendingEmail.EmailWithAttchment2"/>
</testsuite> <!-- sendingEmail.EmailWithAttchment2 -->
