<?xml version="1.0" encoding="UTF-8"?>
<!-- Generated by org.testng.reporters.JUnitReportReporter -->
<testsuite hostname="LAPTOP-D0CIFDTL" failures="0" tests="1" name="sendingEmail.NormalOnlyEmail" time="6.884" errors="0" timestamp="2022-10-22T22:29:28 IST" skipped="0">
  <testcase classname="sendingEmail.NormalOnlyEmail" name="f" time="6.884"/>
  <system-out/>
</testsuite> <!-- sendingEmail.NormalOnlyEmail -->
